Running: /home/ameyapatil/Desktop/14.7/ISE_DS/ISE/bin/lin64/unwrapped/fuse -intstyle ise -incremental -lib unisims_ver -lib unimacro_ver -lib xilinxcorelib_ver -o /home/ameyapatil/Desktop/Projects_2017/SingleCycleMIPS/top_mips_test_isim_beh.exe -prj /home/ameyapatil/Desktop/Projects_2017/SingleCycleMIPS/top_mips_test_beh.prj work.top_mips_test work.glbl 
ISim P.20131013 (signature 0xfbc00daa)
Number of CPUs detected in this system: 1
Turning on mult-threading, number of parallel sub-compilation jobs: 0 
Determining compilation order of HDL files
Analyzing Verilog file "/home/ameyapatil/Desktop/Projects_2017/SingleCycleMIPS/sign_extend.v" into library work
Analyzing Verilog file "/home/ameyapatil/Desktop/Projects_2017/SingleCycleMIPS/registerfile.v" into library work
Analyzing Verilog file "/home/ameyapatil/Desktop/Projects_2017/SingleCycleMIPS/pc.v" into library work
Analyzing Verilog file "/home/ameyapatil/Desktop/Projects_2017/SingleCycleMIPS/Mux21.v" into library work
Analyzing Verilog file "/home/ameyapatil/Desktop/Projects_2017/SingleCycleMIPS/imem.v" into library work
Analyzing Verilog file "/home/ameyapatil/Desktop/Projects_2017/SingleCycleMIPS/dmem.v" into library work
Analyzing Verilog file "/home/ameyapatil/Desktop/Projects_2017/SingleCycleMIPS/controller.v" into library work
Analyzing Verilog file "/home/ameyapatil/Desktop/Projects_2017/SingleCycleMIPS/ALU.v" into library work
Analyzing Verilog file "/home/ameyapatil/Desktop/Projects_2017/SingleCycleMIPS/top_mips.v" into library work
Analyzing Verilog file "/home/ameyapatil/Desktop/Projects_2017/SingleCycleMIPS/top_mips_test.v" into library work
Analyzing Verilog file "/home/ameyapatil/Desktop/14.7/ISE_DS/ISE//verilog/src/glbl.v" into library work
Starting static elaboration
Completed static elaboration
Fuse Memory Usage: 94800 KB
Fuse CPU Usage: 1300 ms
Compiling module pc
Compiling module imem_default
Compiling module regfile_default
Compiling module controller
Compiling module ALU
Compiling module dmem
Compiling module mux
Compiling module signextend
Compiling module top_MIPS
Compiling module top_mips_test
Compiling module glbl
Time Resolution for simulation is 1ps.
Compiled 11 Verilog Units
Built simulation executable /home/ameyapatil/Desktop/Projects_2017/SingleCycleMIPS/top_mips_test_isim_beh.exe
Fuse Memory Usage: 97892 KB
Fuse CPU Usage: 1330 ms
GCC CPU Usage: 690 ms
